# JRE version: OpenJDK Runtime Environment (8.0_242-b01) (build 1.8.0_242-release-1644-b01)
# Java VM: OpenJDK 64-Bit Server VM (25.242-b01 mixed mode windows-amd64 compressed oops)
Heap:
 PSYoungGen      total 208384K, used 126266K [0x00000000e0000000, 0x00000000f1980000, 0x0000000100000000)
  eden space 163840K, 54% used [0x00000000e0000000,0x00000000e56b4a90,0x00000000ea000000)
  from space 44544K, 84% used [0x00000000ea000000,0x00000000ec499e68,0x00000000ecb80000)
  to   space 48128K, 0% used [0x00000000eea80000,0x00000000eea80000,0x00000000f1980000)
 ParOldGen       total 302080K, used 74643K [0x00000000a0000000, 0x00000000b2700000, 0x00000000e0000000)
  object space 302080K, 24% used [0x00000000a0000000,0x00000000a48e4f00,0x00000000b2700000)
 Metaspace       used 75506K, capacity 79816K, committed 80040K, reserved 1118208K
  class space    used 9982K, capacity 10863K, committed 10920K, reserved 1048576K
GC Heap History (10 events):
Event: 5.131 GC heap before
{Heap before GC invocations=14 (full 3):
 PSYoungGen      total 147968K, used 147608K [0x00000000e0000000, 0x00000000eaf00000, 0x0000000100000000)
  eden space 133632K, 100% used [0x00000000e0000000,0x00000000e8280000,0x00000000e8280000)
  from space 14336K, 97% used [0x00000000ea100000,0x00000000eaea6078,0x00000000eaf00000)
  to   space 21504K, 0% used [0x00000000e8500000,0x00000000e8500000,0x00000000e9a00000)
 ParOldGen       total 302080K, used 39360K [0x00000000a0000000, 0x00000000b2700000, 0x00000000e0000000)
  object space 302080K, 13% used [0x00000000a0000000,0x00000000a26703a8,0x00000000b2700000)
 Metaspace       used 65675K, capacity 68852K, committed 69032K, reserved 1107968K
  class space    used 8836K, capacity 9561K, committed 9640K, reserved 1048576K
Event: 5.142 GC heap after
Heap after GC invocations=14 (full 3):
 PSYoungGen      total 157696K, used 21490K [0x00000000e0000000, 0x00000000ec480000, 0x0000000100000000)
  eden space 136192K, 0% used [0x00000000e0000000,0x00000000e0000000,0x00000000e8500000)
  from space 21504K, 99% used [0x00000000e8500000,0x00000000e99fc928,0x00000000e9a00000)
  to   space 25088K, 0% used [0x00000000eac00000,0x00000000eac00000,0x00000000ec480000)
 ParOldGen       total 302080K, used 42971K [0x00000000a0000000, 0x00000000b2700000, 0x00000000e0000000)
  object space 302080K, 14% used [0x00000000a0000000,0x00000000a29f6de0,0x00000000b2700000)
 Metaspace       used 65675K, capacity 68852K, committed 69032K, reserved 1107968K
  class space    used 8836K, capacity 9561K, committed 9640K, reserved 1048576K
}
Event: 5.540 GC heap before
{Heap before GC invocations=15 (full 3):
 PSYoungGen      total 157696K, used 157682K [0x00000000e0000000, 0x00000000ec480000, 0x0000000100000000)
  eden space 136192K, 100% used [0x00000000e0000000,0x00000000e8500000,0x00000000e8500000)
  from space 21504K, 99% used [0x00000000e8500000,0x00000000e99fc928,0x00000000e9a00000)
  to   space 25088K, 0% used [0x00000000eac00000,0x00000000eac00000,0x00000000ec480000)
 ParOldGen       total 302080K, used 42971K [0x00000000a0000000, 0x00000000b2700000, 0x00000000e0000000)
  object space 302080K, 14% used [0x00000000a0000000,0x00000000a29f6de0,0x00000000b2700000)
 Metaspace       used 65924K, capacity 69120K, committed 69288K, reserved 1110016K
  class space    used 8846K, capacity 9573K, committed 9640K, reserved 1048576K
Event: 5.556 GC heap after
Heap after GC invocations=15 (full 3):
 PSYoungGen      total 170496K, used 25061K [0x00000000e0000000, 0x00000000ed780000, 0x0000000100000000)
  eden space 145408K, 0% used [0x00000000e0000000,0x00000000e0000000,0x00000000e8e00000)
  from space 25088K, 99% used [0x00000000eac00000,0x00000000ec479570,0x00000000ec480000)
  to   space 30720K, 0% used [0x00000000e8e00000,0x00000000e8e00000,0x00000000eac00000)
 ParOldGen       total 302080K, used 49330K [0x00000000a0000000, 0x00000000b2700000, 0x00000000e0000000)
  object space 302080K, 16% used [0x00000000a0000000,0x00000000a302cb60,0x00000000b2700000)
 Metaspace       used 65924K, capacity 69120K, committed 69288K, reserved 1110016K
  class space    used 8846K, capacity 9573K, committed 9640K, reserved 1048576K
}
Event: 6.009 GC heap before
{Heap before GC invocations=16 (full 3):
 PSYoungGen      total 170496K, used 170469K [0x00000000e0000000, 0x00000000ed780000, 0x0000000100000000)
  eden space 145408K, 100% used [0x00000000e0000000,0x00000000e8e00000,0x00000000e8e00000)
  from space 25088K, 99% used [0x00000000eac00000,0x00000000ec479570,0x00000000ec480000)
  to   space 30720K, 0% used [0x00000000e8e00000,0x00000000e8e00000,0x00000000eac00000)
 ParOldGen       total 302080K, used 49330K [0x00000000a0000000, 0x00000000b2700000, 0x00000000e0000000)
  object space 302080K, 16% used [0x00000000a0000000,0x00000000a302cb60,0x00000000b2700000)
 Metaspace       used 68554K, capacity 71874K, committed 71976K, reserved 1112064K
  class space    used 9212K, capacity 9942K, committed 10024K, reserved 1048576K
Event: 6.021 GC heap after
Heap after GC invocations=16 (full 3):
 PSYoungGen      total 176128K, used 30693K [0x00000000e0000000, 0x00000000ef000000, 0x0000000100000000)
  eden space 145408K, 0% used [0x00000000e0000000,0x00000000e0000000,0x00000000e8e00000)
  from space 30720K, 99% used [0x00000000e8e00000,0x00000000eabf9560,0x00000000eac00000)
  to   space 37376K, 0% used [0x00000000ecb80000,0x00000000ecb80000,0x00000000ef000000)
 ParOldGen       total 302080K, used 55790K [0x00000000a0000000, 0x00000000b2700000, 0x00000000e0000000)
  object space 302080K, 18% used [0x00000000a0000000,0x00000000a367ba18,0x00000000b2700000)
 Metaspace       used 68554K, capacity 71874K, committed 71976K, reserved 1112064K
  class space    used 9212K, capacity 9942K, committed 10024K, reserved 1048576K
}
Event: 18.616 GC heap before
{Heap before GC invocations=17 (full 3):
 PSYoungGen      total 176128K, used 176101K [0x00000000e0000000, 0x00000000ef000000, 0x0000000100000000)
  eden space 145408K, 100% used [0x00000000e0000000,0x00000000e8e00000,0x00000000e8e00000)
  from space 30720K, 99% used [0x00000000e8e00000,0x00000000eabf9560,0x00000000eac00000)
  to   space 37376K, 0% used [0x00000000ecb80000,0x00000000ecb80000,0x00000000ef000000)
 ParOldGen       total 302080K, used 55790K [0x00000000a0000000, 0x00000000b2700000, 0x00000000e0000000)
  object space 302080K, 18% used [0x00000000a0000000,0x00000000a367ba18,0x00000000b2700000)
 Metaspace       used 74643K, capacity 78382K, committed 78632K, reserved 1118208K
  class space    used 9898K, capacity 10710K, committed 10792K, reserved 1048576K
Event: 18.631 GC heap after
Heap after GC invocations=17 (full 3):
 PSYoungGen      total 201216K, used 37368K [0x00000000e0000000, 0x00000000ef980000, 0x0000000100000000)
  eden space 163840K, 0% used [0x00000000e0000000,0x00000000e0000000,0x00000000ea000000)
  from space 37376K, 99% used [0x00000000ecb80000,0x00000000eeffe2c8,0x00000000ef000000)
  to   space 44544K, 0% used [0x00000000ea000000,0x00000000ea000000,0x00000000ecb80000)
 ParOldGen       total 302080K, used 60514K [0x00000000a0000000, 0x00000000b2700000, 0x00000000e0000000)
  object space 302080K, 20% used [0x00000000a0000000,0x00000000a3b18bb0,0x00000000b2700000)
 Metaspace       used 74643K, capacity 78382K, committed 78632K, reserved 1118208K
  class space    used 9898K, capacity 10710K, committed 10792K, reserved 1048576K
}
Event: 19.062 GC heap before
{Heap before GC invocations=18 (full 3):
 PSYoungGen      total 201216K, used 201198K [0x00000000e0000000, 0x00000000ef980000, 0x0000000100000000)
  eden space 163840K, 99% used [0x00000000e0000000,0x00000000e9ffd700,0x00000000ea000000)
  from space 37376K, 99% used [0x00000000ecb80000,0x00000000eeffe2c8,0x00000000ef000000)
  to   space 44544K, 0% used [0x00000000ea000000,0x00000000ea000000,0x00000000ecb80000)
 ParOldGen       total 302080K, used 60514K [0x00000000a0000000, 0x00000000b2700000, 0x00000000e0000000)
  object space 302080K, 20% used [0x00000000a0000000,0x00000000a3b18bb0,0x00000000b2700000)
 Metaspace       used 75204K, capacity 79220K, committed 79528K, reserved 1118208K
  class space    used 9951K, capacity 10807K, committed 10920K, reserved 1048576K
Event: 19.078 GC heap after
Heap after GC invocations=18 (full 3):
 PSYoungGen      total 208384K, used 37479K [0x00000000e0000000, 0x00000000f1980000, 0x0000000100000000)
  eden space 163840K, 0% used [0x00000000e0000000,0x00000000e0000000,0x00000000ea000000)
  from space 44544K, 84% used [0x00000000ea000000,0x00000000ec499e68,0x00000000ecb80000)
  to   space 48128K, 0% used [0x00000000eea80000,0x00000000eea80000,0x00000000f1980000)
 ParOldGen       total 302080K, used 74643K [0x00000000a0000000, 0x00000000b2700000, 0x00000000e0000000)
  object space 302080K, 24% used [0x00000000a0000000,0x00000000a48e4f00,0x00000000b2700000)
 Metaspace       used 75204K, capacity 79220K, committed 79528K, reserved 1118208K
  class space    used 9951K, capacity 10807K, committed 10920K, reserved 1048576K
}

