# JRE version: OpenJDK Runtime Environment (8.0_242-b01) (build 1.8.0_242-release-1644-b01)
# Java VM: OpenJDK 64-Bit Server VM (25.242-b01 mixed mode windows-amd64 compressed oops)
Heap:
 PSYoungGen      total 472576K, used 436736K [0x00000000e0000000, 0x0000000100000000, 0x0000000100000000)
  eden space 431104K, 91% used [0x00000000e0000000,0x00000000f8243a10,0x00000000fa500000)
  from space 41472K, 99% used [0x00000000fa500000,0x00000000fcd401b0,0x00000000fcd80000)
  to   space 51712K, 0% used [0x00000000fcd80000,0x00000000fcd80000,0x0000000100000000)
 ParOldGen       total 525312K, used 383942K [0x00000000a0000000, 0x00000000c0100000, 0x00000000e0000000)
  object space 525312K, 73% used [0x00000000a0000000,0x00000000b76f1bb8,0x00000000c0100000)
 Metaspace       used 89065K, capacity 93880K, committed 96344K, reserved 1132544K
  class space    used 11620K, capacity 12615K, committed 13184K, reserved 1048576K
GC Heap History (10 events):
Event: 13.191 GC heap before
{Heap before GC invocations=51 (full 4):
 PSYoungGen      total 494080K, used 472855K [0x00000000e0000000, 0x00000000fff00000, 0x0000000100000000)
  eden space 464896K, 100% used [0x00000000e0000000,0x00000000fc600000,0x00000000fc600000)
  from space 29184K, 27% used [0x00000000fe280000,0x00000000fea45ff8,0x00000000fff00000)
  to   space 29184K, 0% used [0x00000000fc600000,0x00000000fc600000,0x00000000fe280000)
 ParOldGen       total 525312K, used 313831K [0x00000000a0000000, 0x00000000c0100000, 0x00000000e0000000)
  object space 525312K, 59% used [0x00000000a0000000,0x00000000b3279e30,0x00000000c0100000)
 Metaspace       used 80031K, capacity 83798K, committed 88152K, reserved 1124352K
  class space    used 10599K, capacity 11446K, committed 12416K, reserved 1048576K
Event: 13.202 GC heap after
Heap after GC invocations=51 (full 4):
 PSYoungGen      total 486912K, used 21982K [0x00000000e0000000, 0x0000000100000000, 0x0000000100000000)
  eden space 464896K, 0% used [0x00000000e0000000,0x00000000e0000000,0x00000000fc600000)
  from space 22016K, 99% used [0x00000000fc600000,0x00000000fdb77908,0x00000000fdb80000)
  to   space 30720K, 0% used [0x00000000fe200000,0x00000000fe200000,0x0000000100000000)
 ParOldGen       total 525312K, used 321135K [0x00000000a0000000, 0x00000000c0100000, 0x00000000e0000000)
  object space 525312K, 61% used [0x00000000a0000000,0x00000000b399bfe0,0x00000000c0100000)
 Metaspace       used 80031K, capacity 83798K, committed 88152K, reserved 1124352K
  class space    used 10599K, capacity 11446K, committed 12416K, reserved 1048576K
}
Event: 13.386 GC heap before
{Heap before GC invocations=52 (full 4):
 PSYoungGen      total 486912K, used 486878K [0x00000000e0000000, 0x0000000100000000, 0x0000000100000000)
  eden space 464896K, 100% used [0x00000000e0000000,0x00000000fc600000,0x00000000fc600000)
  from space 22016K, 99% used [0x00000000fc600000,0x00000000fdb77908,0x00000000fdb80000)
  to   space 30720K, 0% used [0x00000000fe200000,0x00000000fe200000,0x0000000100000000)
 ParOldGen       total 525312K, used 321135K [0x00000000a0000000, 0x00000000c0100000, 0x00000000e0000000)
  object space 525312K, 61% used [0x00000000a0000000,0x00000000b399bfe0,0x00000000c0100000)
 Metaspace       used 80104K, capacity 83864K, committed 88152K, reserved 1124352K
  class space    used 10600K, capacity 11447K, committed 12416K, reserved 1048576K
Event: 13.400 GC heap after
Heap after GC invocations=52 (full 4):
 PSYoungGen      total 492544K, used 19927K [0x00000000e0000000, 0x0000000100000000, 0x0000000100000000)
  eden space 461824K, 0% used [0x00000000e0000000,0x00000000e0000000,0x00000000fc300000)
  from space 30720K, 64% used [0x00000000fe200000,0x00000000ff575eb8,0x0000000100000000)
  to   space 31232K, 0% used [0x00000000fc300000,0x00000000fc300000,0x00000000fe180000)
 ParOldGen       total 525312K, used 338493K [0x00000000a0000000, 0x00000000c0100000, 0x00000000e0000000)
  object space 525312K, 64% used [0x00000000a0000000,0x00000000b4a8f708,0x00000000c0100000)
 Metaspace       used 80104K, capacity 83864K, committed 88152K, reserved 1124352K
  class space    used 10600K, capacity 11447K, committed 12416K, reserved 1048576K
}
Event: 13.629 GC heap before
{Heap before GC invocations=53 (full 4):
 PSYoungGen      total 492544K, used 481751K [0x00000000e0000000, 0x0000000100000000, 0x0000000100000000)
  eden space 461824K, 100% used [0x00000000e0000000,0x00000000fc300000,0x00000000fc300000)
  from space 30720K, 64% used [0x00000000fe200000,0x00000000ff575eb8,0x0000000100000000)
  to   space 31232K, 0% used [0x00000000fc300000,0x00000000fc300000,0x00000000fe180000)
 ParOldGen       total 525312K, used 338493K [0x00000000a0000000, 0x00000000c0100000, 0x00000000e0000000)
  object space 525312K, 64% used [0x00000000a0000000,0x00000000b4a8f708,0x00000000c0100000)
 Metaspace       used 80132K, capacity 83864K, committed 88152K, reserved 1124352K
  class space    used 10602K, capacity 11447K, committed 12416K, reserved 1048576K
Event: 13.636 GC heap after
Heap after GC invocations=53 (full 4):
 PSYoungGen      total 493056K, used 4259K [0x00000000e0000000, 0x0000000100000000, 0x0000000100000000)
  eden space 461824K, 0% used [0x00000000e0000000,0x00000000e0000000,0x00000000fc300000)
  from space 31232K, 13% used [0x00000000fc300000,0x00000000fc728c00,0x00000000fe180000)
  to   space 31232K, 0% used [0x00000000fe180000,0x00000000fe180000,0x0000000100000000)
 ParOldGen       total 525312K, used 341915K [0x00000000a0000000, 0x00000000c0100000, 0x00000000e0000000)
  object space 525312K, 65% used [0x00000000a0000000,0x00000000b4de6f40,0x00000000c0100000)
 Metaspace       used 80132K, capacity 83864K, committed 88152K, reserved 1124352K
  class space    used 10602K, capacity 11447K, committed 12416K, reserved 1048576K
}
Event: 14.263 GC heap before
{Heap before GC invocations=54 (full 4):
 PSYoungGen      total 493056K, used 466083K [0x00000000e0000000, 0x0000000100000000, 0x0000000100000000)
  eden space 461824K, 100% used [0x00000000e0000000,0x00000000fc300000,0x00000000fc300000)
  from space 31232K, 13% used [0x00000000fc300000,0x00000000fc728c00,0x00000000fe180000)
  to   space 31232K, 0% used [0x00000000fe180000,0x00000000fe180000,0x0000000100000000)
 ParOldGen       total 525312K, used 341915K [0x00000000a0000000, 0x00000000c0100000, 0x00000000e0000000)
  object space 525312K, 65% used [0x00000000a0000000,0x00000000b4de6f40,0x00000000c0100000)
 Metaspace       used 81083K, capacity 85092K, committed 89304K, reserved 1126400K
  class space    used 10718K, capacity 11603K, committed 12544K, reserved 1048576K
Event: 14.281 GC heap after
Heap after GC invocations=54 (full 4):
 PSYoungGen      total 462336K, used 31229K [0x00000000e0000000, 0x0000000100000000, 0x0000000100000000)
  eden space 431104K, 0% used [0x00000000e0000000,0x00000000e0000000,0x00000000fa500000)
  from space 31232K, 99% used [0x00000000fe180000,0x00000000fffff798,0x0000000100000000)
  to   space 46592K, 0% used [0x00000000fa500000,0x00000000fa500000,0x00000000fd280000)
 ParOldGen       total 525312K, used 370748K [0x00000000a0000000, 0x00000000c0100000, 0x00000000e0000000)
  object space 525312K, 70% used [0x00000000a0000000,0x00000000b6a0f3b8,0x00000000c0100000)
 Metaspace       used 81083K, capacity 85092K, committed 89304K, reserved 1126400K
  class space    used 10718K, capacity 11603K, committed 12544K, reserved 1048576K
}
Event: 15.350 GC heap before
{Heap before GC invocations=55 (full 4):
 PSYoungGen      total 462336K, used 462333K [0x00000000e0000000, 0x0000000100000000, 0x0000000100000000)
  eden space 431104K, 100% used [0x00000000e0000000,0x00000000fa500000,0x00000000fa500000)
  from space 31232K, 99% used [0x00000000fe180000,0x00000000fffff798,0x0000000100000000)
  to   space 46592K, 0% used [0x00000000fa500000,0x00000000fa500000,0x00000000fd280000)
 ParOldGen       total 525312K, used 370748K [0x00000000a0000000, 0x00000000c0100000, 0x00000000e0000000)
  object space 525312K, 70% used [0x00000000a0000000,0x00000000b6a0f3b8,0x00000000c0100000)
 Metaspace       used 81245K, capacity 85254K, committed 89304K, reserved 1126400K
  class space    used 10728K, capacity 11610K, committed 12544K, reserved 1048576K
Event: 15.372 GC heap after
Heap after GC invocations=55 (full 4):
 PSYoungGen      total 472576K, used 41216K [0x00000000e0000000, 0x0000000100000000, 0x0000000100000000)
  eden space 431104K, 0% used [0x00000000e0000000,0x00000000e0000000,0x00000000fa500000)
  from space 41472K, 99% used [0x00000000fa500000,0x00000000fcd401b0,0x00000000fcd80000)
  to   space 51712K, 0% used [0x00000000fcd80000,0x00000000fcd80000,0x0000000100000000)
 ParOldGen       total 525312K, used 383942K [0x00000000a0000000, 0x00000000c0100000, 0x00000000e0000000)
  object space 525312K, 73% used [0x00000000a0000000,0x00000000b76f1bb8,0x00000000c0100000)
 Metaspace       used 81245K, capacity 85254K, committed 89304K, reserved 1126400K
  class space    used 10728K, capacity 11610K, committed 12544K, reserved 1048576K
}

