# JRE version: OpenJDK Runtime Environment (8.0_242-b01) (build 1.8.0_242-release-1644-b01)
# Java VM: OpenJDK 64-Bit Server VM (25.242-b01 mixed mode windows-amd64 compressed oops)
Heap:
 PSYoungGen      total 166912K, used 91766K [0x00000000e0000000, 0x00000000ed000000, 0x0000000100000000)
  eden space 141824K, 47% used [0x00000000e0000000,0x00000000e4144148,0x00000000e8a80000)
  from space 25088K, 99% used [0x00000000ea800000,0x00000000ec07d570,0x00000000ec080000)
  to   space 30208K, 0% used [0x00000000e8a80000,0x00000000e8a80000,0x00000000ea800000)
 ParOldGen       total 307200K, used 47935K [0x00000000a0000000, 0x00000000b2c00000, 0x00000000e0000000)
  object space 307200K, 15% used [0x00000000a0000000,0x00000000a2ecff38,0x00000000b2c00000)
 Metaspace       used 67513K, capacity 71062K, committed 71384K, reserved 1110016K
  class space    used 9093K, capacity 9858K, committed 9984K, reserved 1048576K
GC Heap History (10 events):
Event: 3.756 GC heap before
{Heap before GC invocations=11 (full 2):
 PSYoungGen      total 132096K, used 102355K [0x00000000e0000000, 0x00000000e9980000, 0x0000000100000000)
  eden space 116736K, 74% used [0x00000000e0000000,0x00000000e54f56c8,0x00000000e7200000)
  from space 15360K, 99% used [0x00000000e8380000,0x00000000e927f930,0x00000000e9280000)
  to   space 17920K, 0% used [0x00000000e7200000,0x00000000e7200000,0x00000000e8380000)
 ParOldGen       total 199168K, used 21244K [0x00000000a0000000, 0x00000000ac280000, 0x00000000e0000000)
  object space 199168K, 10% used [0x00000000a0000000,0x00000000a14bf1d0,0x00000000ac280000)
 Metaspace       used 57139K, capacity 59040K, committed 59096K, reserved 1099776K
  class space    used 7648K, capacity 8165K, committed 8192K, reserved 1048576K
Event: 3.764 GC heap after
Heap after GC invocations=11 (full 2):
 PSYoungGen      total 134656K, used 17892K [0x00000000e0000000, 0x00000000eb100000, 0x0000000100000000)
  eden space 116736K, 0% used [0x00000000e0000000,0x00000000e0000000,0x00000000e7200000)
  from space 17920K, 99% used [0x00000000e7200000,0x00000000e8379330,0x00000000e8380000)
  to   space 22016K, 0% used [0x00000000e9b80000,0x00000000e9b80000,0x00000000eb100000)
 ParOldGen       total 199168K, used 26228K [0x00000000a0000000, 0x00000000ac280000, 0x00000000e0000000)
  object space 199168K, 13% used [0x00000000a0000000,0x00000000a199d1e0,0x00000000ac280000)
 Metaspace       used 57139K, capacity 59040K, committed 59096K, reserved 1099776K
  class space    used 7648K, capacity 8165K, committed 8192K, reserved 1048576K
}
Event: 3.764 GC heap before
{Heap before GC invocations=12 (full 3):
 PSYoungGen      total 134656K, used 17892K [0x00000000e0000000, 0x00000000eb100000, 0x0000000100000000)
  eden space 116736K, 0% used [0x00000000e0000000,0x00000000e0000000,0x00000000e7200000)
  from space 17920K, 99% used [0x00000000e7200000,0x00000000e8379330,0x00000000e8380000)
  to   space 22016K, 0% used [0x00000000e9b80000,0x00000000e9b80000,0x00000000eb100000)
 ParOldGen       total 199168K, used 26228K [0x00000000a0000000, 0x00000000ac280000, 0x00000000e0000000)
  object space 199168K, 13% used [0x00000000a0000000,0x00000000a199d1e0,0x00000000ac280000)
 Metaspace       used 57139K, capacity 59040K, committed 59096K, reserved 1099776K
  class space    used 7648K, capacity 8165K, committed 8192K, reserved 1048576K
Event: 3.908 GC heap after
Heap after GC invocations=12 (full 3):
 PSYoungGen      total 134656K, used 0K [0x00000000e0000000, 0x00000000eb100000, 0x0000000100000000)
  eden space 116736K, 0% used [0x00000000e0000000,0x00000000e0000000,0x00000000e7200000)
  from space 17920K, 0% used [0x00000000e7200000,0x00000000e7200000,0x00000000e8380000)
  to   space 22016K, 0% used [0x00000000e9b80000,0x00000000e9b80000,0x00000000eb100000)
 ParOldGen       total 307200K, used 39274K [0x00000000a0000000, 0x00000000b2c00000, 0x00000000e0000000)
  object space 307200K, 12% used [0x00000000a0000000,0x00000000a265a990,0x00000000b2c00000)
 Metaspace       used 57139K, capacity 59040K, committed 59096K, reserved 1099776K
  class space    used 7648K, capacity 8165K, committed 8192K, reserved 1048576K
}
Event: 4.442 GC heap before
{Heap before GC invocations=13 (full 3):
 PSYoungGen      total 134656K, used 116736K [0x00000000e0000000, 0x00000000eb100000, 0x0000000100000000)
  eden space 116736K, 100% used [0x00000000e0000000,0x00000000e7200000,0x00000000e7200000)
  from space 17920K, 0% used [0x00000000e7200000,0x00000000e7200000,0x00000000e8380000)
  to   space 22016K, 0% used [0x00000000e9b80000,0x00000000e9b80000,0x00000000eb100000)
 ParOldGen       total 307200K, used 39274K [0x00000000a0000000, 0x00000000b2c00000, 0x00000000e0000000)
  object space 307200K, 12% used [0x00000000a0000000,0x00000000a265a990,0x00000000b2c00000)
 Metaspace       used 62907K, capacity 65278K, committed 65368K, reserved 1105920K
  class space    used 8445K, capacity 9084K, committed 9088K, reserved 1048576K
Event: 4.448 GC heap after
Heap after GC invocations=13 (full 3):
 PSYoungGen      total 143872K, used 13460K [0x00000000e0000000, 0x00000000ea900000, 0x0000000100000000)
  eden space 130048K, 0% used [0x00000000e0000000,0x00000000e0000000,0x00000000e7f00000)
  from space 13824K, 97% used [0x00000000e9b80000,0x00000000ea8a5140,0x00000000ea900000)
  to   space 21504K, 0% used [0x00000000e7f00000,0x00000000e7f00000,0x00000000e9400000)
 ParOldGen       total 307200K, used 39282K [0x00000000a0000000, 0x00000000b2c00000, 0x00000000e0000000)
  object space 307200K, 12% used [0x00000000a0000000,0x00000000a265c990,0x00000000b2c00000)
 Metaspace       used 62907K, capacity 65278K, committed 65368K, reserved 1105920K
  class space    used 8445K, capacity 9084K, committed 9088K, reserved 1048576K
}
Event: 4.843 GC heap before
{Heap before GC invocations=14 (full 3):
 PSYoungGen      total 143872K, used 143508K [0x00000000e0000000, 0x00000000ea900000, 0x0000000100000000)
  eden space 130048K, 100% used [0x00000000e0000000,0x00000000e7f00000,0x00000000e7f00000)
  from space 13824K, 97% used [0x00000000e9b80000,0x00000000ea8a5140,0x00000000ea900000)
  to   space 21504K, 0% used [0x00000000e7f00000,0x00000000e7f00000,0x00000000e9400000)
 ParOldGen       total 307200K, used 39282K [0x00000000a0000000, 0x00000000b2c00000, 0x00000000e0000000)
  object space 307200K, 12% used [0x00000000a0000000,0x00000000a265c990,0x00000000b2c00000)
 Metaspace       used 65776K, capacity 69176K, committed 69336K, reserved 1110016K
  class space    used 8883K, capacity 9651K, committed 9728K, reserved 1048576K
Event: 4.852 GC heap after
Heap after GC invocations=14 (full 3):
 PSYoungGen      total 151552K, used 21477K [0x00000000e0000000, 0x00000000ec080000, 0x0000000100000000)
  eden space 130048K, 0% used [0x00000000e0000000,0x00000000e0000000,0x00000000e7f00000)
  from space 21504K, 99% used [0x00000000e7f00000,0x00000000e93f94f0,0x00000000e9400000)
  to   space 25088K, 0% used [0x00000000ea800000,0x00000000ea800000,0x00000000ec080000)
 ParOldGen       total 307200K, used 42144K [0x00000000a0000000, 0x00000000b2c00000, 0x00000000e0000000)
  object space 307200K, 13% used [0x00000000a0000000,0x00000000a29281b8,0x00000000b2c00000)
 Metaspace       used 65776K, capacity 69176K, committed 69336K, reserved 1110016K
  class space    used 8883K, capacity 9651K, committed 9728K, reserved 1048576K
}
Event: 5.091 GC heap before
{Heap before GC invocations=15 (full 3):
 PSYoungGen      total 151552K, used 151525K [0x00000000e0000000, 0x00000000ec080000, 0x0000000100000000)
  eden space 130048K, 100% used [0x00000000e0000000,0x00000000e7f00000,0x00000000e7f00000)
  from space 21504K, 99% used [0x00000000e7f00000,0x00000000e93f94f0,0x00000000e9400000)
  to   space 25088K, 0% used [0x00000000ea800000,0x00000000ea800000,0x00000000ec080000)
 ParOldGen       total 307200K, used 42144K [0x00000000a0000000, 0x00000000b2c00000, 0x00000000e0000000)
  object space 307200K, 13% used [0x00000000a0000000,0x00000000a29281b8,0x00000000b2c00000)
 Metaspace       used 66053K, capacity 69580K, committed 69848K, reserved 1110016K
  class space    used 8894K, capacity 9663K, committed 9728K, reserved 1048576K
Event: 5.101 GC heap after
Heap after GC invocations=15 (full 3):
 PSYoungGen      total 166912K, used 25077K [0x00000000e0000000, 0x00000000ed000000, 0x0000000100000000)
  eden space 141824K, 0% used [0x00000000e0000000,0x00000000e0000000,0x00000000e8a80000)
  from space 25088K, 99% used [0x00000000ea800000,0x00000000ec07d570,0x00000000ec080000)
  to   space 30208K, 0% used [0x00000000e8a80000,0x00000000e8a80000,0x00000000ea800000)
 ParOldGen       total 307200K, used 47935K [0x00000000a0000000, 0x00000000b2c00000, 0x00000000e0000000)
  object space 307200K, 15% used [0x00000000a0000000,0x00000000a2ecff38,0x00000000b2c00000)
 Metaspace       used 66053K, capacity 69580K, committed 69848K, reserved 1110016K
  class space    used 8894K, capacity 9663K, committed 9728K, reserved 1048576K
}

